{
  "name": "runner_smoke_case",
  "program_dir": "C:\\Users\\hello\\Desktop\\root\\03-personal-project\\04-ai-code-repair\\experiments\\runner_smoke_case",
  "patched_dir": null,
  "before": {
    "passed": false,
    "returncode": 1,
    "stdout": "F                                                                        [100%]\n================================== FAILURES ===================================\n__________________________________ test_add ___________________________________\n\n    def test_add():\n>       assert add(2, 3) == 5\nE       assert -1 == 5\nE        +  where -1 = add(2, 3)\n\ntest_buggy.py:4: AssertionError\n=========================== short test summary info ===========================\nFAILED test_buggy.py::test_add - assert -1 == 5\n1 failed in 0.06s\n",
    "stderr": ""
  },
  "after": {
    "passed": true,
    "returncode": 0,
    "stdout": ".                                                                        [100%]\n1 passed in 0.01s\n",
    "stderr": ""
  },
  "patch_applied": true,
  "patch_error": null,
  "status": "repaired"
}